2023-02-03 04:09:53.639  INFO 9384 --- [main] lavalink.server.Launcher                 : Starting Launcher using Java 13 on DESKTOP-4CKUABM with PID 9384 (C:\Users\Kamil\Desktop\OTAKI\Nowy_kod\Win-Slesh-ver\Otaki-Chan\Lavalink.jar started by Kamil in C:\Users\Kamil\Desktop\OTAKI\Nowy_kod\Win-Slesh-ver\Otaki-Chan)
2023-02-03 04:09:53.643  INFO 9384 --- [main] lavalink.server.Launcher                 : No active profile set, falling back to 1 default profile: "default"
2023-02-03 04:09:54.253  INFO 9384 --- [main] lavalink.server.Launcher                 : Started Launcher in 1.068 seconds (JVM running for 1.518)
2023-02-03 04:09:54.255  INFO 9384 --- [main] lavalink.server.Launcher                 : You can safely ignore the big red warning about illegal reflection. See https://github.com/freyacodes/Lavalink/issues/295
2023-02-03 04:09:54.306  INFO 9384 --- [main] lavalink.server.Launcher                 : 

[32m       .  [31m _                  _ _       _    [32m__ _ _
[32m      /\\ [31m| | __ ___   ____ _| (_)_ __ | | __[32m\ \ \ \
[32m     ( ( )[31m| |/ _` \ \ / / _` | | | '_ \| |/ /[32m \ \ \ \
[32m      \\/ [31m| | (_| |\ V / (_| | | | | | |   < [32m  ) ) ) )
[32m       '  [31m|_|\__,_| \_/ \__,_|_|_|_| |_|_|\_\[32m / / / /
[0m    =========================================[32m/_/_/_/[0m

	Version:        3.7.3
	Build time:     23.01.2023 11:30:01 UTC
	Branch          HEAD
	Commit:         702bb8d
	Commit time:    23.01.2023 11:28:02 UTC
	JVM:            13
	Lavaplayer      1.3.99.2-original

2023-02-03 04:09:54.313  INFO 9384 --- [main] lavalink.server.Launcher                 : No active profile set, falling back to 1 default profile: "default"
2023-02-03 04:09:55.084  WARN 9384 --- [main] io.undertow.websockets.jsr               : UT026010: Buffer pool was not set on WebSocketDeploymentInfo, the default pool will be used
2023-02-03 04:09:55.111  INFO 9384 --- [main] io.undertow.servlet                      : Initializing Spring embedded WebApplicationContext
2023-02-03 04:09:55.112  INFO 9384 --- [main] w.s.c.ServletWebServerApplicationContext : Root WebApplicationContext: initialization completed in 793 ms
2023-02-03 04:09:55.210  WARN 9384 --- [main] l.server.config.SentryConfiguration      : Turning off sentry
2023-02-03 04:09:55.380  INFO 9384 --- [main] c.s.d.l.tools.GarbageCollectionMonitor   : GC monitoring enabled, reporting results every 2 minutes.
2023-02-03 04:09:55.675  INFO 9384 --- [main] lavalink.server.config.KoeConfiguration  : OS: WINDOWS, Arch: X86_64
2023-02-03 04:09:55.675  INFO 9384 --- [main] lavalink.server.config.KoeConfiguration  : Enabling JDA-NAS
2023-02-03 04:09:55.678  INFO 9384 --- [main] c.s.l.c.natives.NativeLibraryLoader      : Native library udpqueue: loading with filter null
2023-02-03 04:09:55.683  INFO 9384 --- [main] c.s.l.c.natives.NativeLibraryLoader      : Native library udpqueue: successfully loaded.
2023-02-03 04:09:55.864  INFO 9384 --- [main] io.undertow                              : starting server: Undertow - 2.2.16.Final
2023-02-03 04:09:55.878  INFO 9384 --- [main] org.xnio                                 : XNIO version 3.8.6.Final
2023-02-03 04:09:55.886  INFO 9384 --- [main] org.xnio.nio                             : XNIO NIO Implementation Version 3.8.6.Final
2023-02-03 04:09:55.947  INFO 9384 --- [main] org.jboss.threads                        : JBoss Threads version 3.1.0.Final
2023-02-03 04:09:55.982  INFO 9384 --- [main] o.s.b.w.e.undertow.UndertowWebServer     : Undertow started on port(s) 2333 (http)
2023-02-03 04:09:55.986  INFO 9384 --- [main] lavalink.server.Launcher                 : Started Launcher in 1.726 seconds (JVM running for 3.252)
2023-02-03 04:09:55.987  INFO 9384 --- [main] lavalink.server.Launcher                 : Lavalink is ready to accept connections.
2023-02-03 04:11:55.476  INFO 9384 --- [SpringApplicationShutdownHook] io.undertow                              : stopping server: Undertow - 2.2.16.Final
2023-02-03 04:11:55.484  INFO 9384 --- [SpringApplicationShutdownHook] c.s.d.l.tools.GarbageCollectionMonitor   : GC monitoring disabled.
2023-02-03 04:27:23.134  INFO 9544 --- [main] lavalink.server.Launcher                 : Starting Launcher using Java 13 on DESKTOP-4CKUABM with PID 9544 (C:\Users\Kamil\Desktop\OTAKI\Nowy_kod\Win-Slesh-ver\Otaki-Chan\Lavalink.jar started by Kamil in C:\Users\Kamil\Desktop\OTAKI\Nowy_kod\Win-Slesh-ver\Otaki-Chan)
2023-02-03 04:27:23.137  INFO 9544 --- [main] lavalink.server.Launcher                 : No active profile set, falling back to 1 default profile: "default"
2023-02-03 04:27:23.701  INFO 9544 --- [main] lavalink.server.Launcher                 : Started Launcher in 1.015 seconds (JVM running for 1.374)
2023-02-03 04:27:23.703  INFO 9544 --- [main] lavalink.server.Launcher                 : You can safely ignore the big red warning about illegal reflection. See https://github.com/freyacodes/Lavalink/issues/295
2023-02-03 04:27:23.748  INFO 9544 --- [main] lavalink.server.Launcher                 : 

[32m       .  [31m _                  _ _       _    [32m__ _ _
[32m      /\\ [31m| | __ ___   ____ _| (_)_ __ | | __[32m\ \ \ \
[32m     ( ( )[31m| |/ _` \ \ / / _` | | | '_ \| |/ /[32m \ \ \ \
[32m      \\/ [31m| | (_| |\ V / (_| | | | | | |   < [32m  ) ) ) )
[32m       '  [31m|_|\__,_| \_/ \__,_|_|_|_| |_|_|\_\[32m / / / /
[0m    =========================================[32m/_/_/_/[0m

	Version:        3.7.3
	Build time:     23.01.2023 11:30:01 UTC
	Branch          HEAD
	Commit:         702bb8d
	Commit time:    23.01.2023 11:28:02 UTC
	JVM:            13
	Lavaplayer      1.3.99.2-original

2023-02-03 04:27:23.756  INFO 9544 --- [main] lavalink.server.Launcher                 : No active profile set, falling back to 1 default profile: "default"
2023-02-03 04:27:24.483  WARN 9544 --- [main] io.undertow.websockets.jsr               : UT026010: Buffer pool was not set on WebSocketDeploymentInfo, the default pool will be used
2023-02-03 04:27:24.508  INFO 9544 --- [main] io.undertow.servlet                      : Initializing Spring embedded WebApplicationContext
2023-02-03 04:27:24.509  INFO 9544 --- [main] w.s.c.ServletWebServerApplicationContext : Root WebApplicationContext: initialization completed in 748 ms
2023-02-03 04:27:24.605  WARN 9544 --- [main] l.server.config.SentryConfiguration      : Turning off sentry
2023-02-03 04:27:24.748  INFO 9544 --- [main] c.s.d.l.tools.GarbageCollectionMonitor   : GC monitoring enabled, reporting results every 2 minutes.
2023-02-03 04:27:25.036  INFO 9544 --- [main] lavalink.server.config.KoeConfiguration  : OS: WINDOWS, Arch: X86_64
2023-02-03 04:27:25.036  INFO 9544 --- [main] lavalink.server.config.KoeConfiguration  : Enabling JDA-NAS
2023-02-03 04:27:25.046  INFO 9544 --- [main] c.s.l.c.natives.NativeLibraryLoader      : Native library udpqueue: loading with filter null
2023-02-03 04:27:25.051  INFO 9544 --- [main] c.s.l.c.natives.NativeLibraryLoader      : Native library udpqueue: successfully loaded.
2023-02-03 04:27:25.232  INFO 9544 --- [main] io.undertow                              : starting server: Undertow - 2.2.16.Final
2023-02-03 04:27:25.241  INFO 9544 --- [main] org.xnio                                 : XNIO version 3.8.6.Final
2023-02-03 04:27:25.248  INFO 9544 --- [main] org.xnio.nio                             : XNIO NIO Implementation Version 3.8.6.Final
2023-02-03 04:27:25.298  INFO 9544 --- [main] org.jboss.threads                        : JBoss Threads version 3.1.0.Final
2023-02-03 04:27:25.332  INFO 9544 --- [main] o.s.b.w.e.undertow.UndertowWebServer     : Undertow started on port(s) 2333 (http)
2023-02-03 04:27:25.336  INFO 9544 --- [main] lavalink.server.Launcher                 : Started Launcher in 1.629 seconds (JVM running for 3.01)
2023-02-03 04:27:25.337  INFO 9544 --- [main] lavalink.server.Launcher                 : Lavalink is ready to accept connections.
2023-02-03 04:31:58.259  INFO 9544 --- [SpringApplicationShutdownHook] io.undertow                              : stopping server: Undertow - 2.2.16.Final
2023-02-03 04:31:58.267  INFO 9544 --- [SpringApplicationShutdownHook] c.s.d.l.tools.GarbageCollectionMonitor   : GC monitoring disabled.
